{"contracts\\IERC20.sol":{"l":{},"path":"D:\\Dev\\Devs\\Real\\Blockchain\\EVM\\oasis2-master\\test\\contracts\\IERC20.sol","s":{},"b":{},"f":{},"fnMap":{},"statementMap":{},"branchMap":{}},"contracts\\JungleRaceStake.sol":{"l":{"62":3,"66":3,"82":3,"89":2,"90":2,"94":2,"95":2,"99":1,"104":8,"105":8,"106":8,"107":7,"111":6,"115":5,"119":4,"123":3,"125":2,"130":2,"131":2,"132":2,"133":2,"134":2,"135":2,"136":2,"141":2,"142":2,"144":2,"148":2,"149":2,"150":2,"152":2,"155":1,"156":1,"157":1,"158":1,"159":1,"161":1,"164":2,"165":2,"167":2,"168":2,"170":2,"171":2,"172":1,"175":2,"176":2,"177":2,"185":3,"186":3,"187":3,"197":3,"198":3,"200":3,"201":3,"202":3,"203":2,"204":1,"206":1,"209":3,"213":3,"214":3,"220":2,"225":2,"234":1,"235":1,"242":1,"243":1,"248":1,"249":1,"251":1,"259":1,"260":1,"261":1,"263":1,"273":3,"275":3,"278":3},"path":"D:\\Dev\\Devs\\Real\\Blockchain\\EVM\\oasis2-master\\test\\contracts\\JungleRaceStake.sol","s":{"1":3,"2":3,"3":3,"4":2,"5":2,"6":2,"7":2,"8":1,"9":8,"10":8,"11":8,"12":7,"13":6,"14":5,"15":4,"16":3,"17":2,"18":2,"19":2,"20":2,"21":2,"22":2,"23":2,"24":2,"25":2,"26":2,"27":2,"28":2,"29":2,"30":2,"31":2,"32":1,"33":1,"34":1,"35":1,"36":1,"37":1,"38":2,"39":2,"40":2,"41":2,"42":2,"43":2,"44":1,"45":2,"46":2,"47":2,"48":3,"49":3,"50":3,"51":3,"52":3,"53":3,"54":3,"55":3,"56":2,"57":1,"58":1,"59":3,"60":3,"61":3,"62":2,"63":2,"64":1,"65":1,"66":1,"67":1,"68":1,"69":1,"70":1,"71":1,"72":1,"73":1,"74":1,"75":3,"76":3},"b":{"1":[3,0],"2":[7,1],"3":[6,1],"4":[5,1],"5":[4,1],"6":[3,1],"7":[2,1],"8":[2,0],"9":[1,1],"10":[1,0],"11":[1,1],"12":[2,1],"13":[1,1]},"f":{"1":3,"2":2,"3":2,"4":1,"5":8,"6":2,"7":3,"8":3,"9":3,"10":2,"11":2,"12":1,"13":1,"14":1,"15":1,"16":3},"fnMap":{"1":{"name":"constructor","line":52,"loc":{"start":{"line":52,"column":4},"end":{"line":83,"column":4}}},"2":{"name":"poolActivation","line":88,"loc":{"start":{"line":88,"column":4},"end":{"line":91,"column":4}}},"3":{"name":"changePoolLimit","line":93,"loc":{"start":{"line":93,"column":4},"end":{"line":96,"column":4}}},"4":{"name":"changeFeeWallet","line":98,"loc":{"start":{"line":98,"column":4},"end":{"line":100,"column":4}}},"5":{"name":"PoolStake","line":103,"loc":{"start":{"line":103,"column":4},"end":{"line":137,"column":4}}},"6":{"name":"claimPool","line":140,"loc":{"start":{"line":140,"column":4},"end":{"line":178,"column":4}}},"7":{"name":"calculateRewards","line":180,"loc":{"start":{"line":180,"column":4},"end":{"line":190,"column":4}}},"8":{"name":"rewardsCalculate","line":192,"loc":{"start":{"line":192,"column":4},"end":{"line":210,"column":4}}},"9":{"name":"maxPayoutOf","line":212,"loc":{"start":{"line":212,"column":4},"end":{"line":216,"column":4}}},"10":{"name":"tokenBalance","line":219,"loc":{"start":{"line":219,"column":4},"end":{"line":221,"column":4}}},"11":{"name":"ethBalance","line":224,"loc":{"start":{"line":224,"column":4},"end":{"line":226,"column":4}}},"12":{"name":"retrieveEthStuck","line":231,"loc":{"start":{"line":228,"column":4},"end":{"line":236,"column":4}}},"13":{"name":"retrieveERC20TokenStuck","line":241,"loc":{"start":{"line":238,"column":4},"end":{"line":244,"column":4}}},"14":{"name":"maturityDate","line":247,"loc":{"start":{"line":247,"column":4},"end":{"line":252,"column":4}}},"15":{"name":"fullMaturityReward","line":254,"loc":{"start":{"line":254,"column":4},"end":{"line":264,"column":4}}},"16":{"name":"isContract","line":268,"loc":{"start":{"line":268,"column":4},"end":{"line":279,"column":4}}}},"statementMap":{"1":{"start":{"line":62,"column":8},"end":{"line":62,"column":1835}},"2":{"start":{"line":66,"column":8},"end":{"line":66,"column":1960}},"3":{"start":{"line":82,"column":8},"end":{"line":82,"column":45}},"4":{"start":{"line":89,"column":8},"end":{"line":89,"column":49}},"5":{"start":{"line":90,"column":8},"end":{"line":90,"column":27}},"6":{"start":{"line":94,"column":8},"end":{"line":94,"column":49}},"7":{"start":{"line":95,"column":8},"end":{"line":95,"column":66}},"8":{"start":{"line":99,"column":8},"end":{"line":99,"column":38}},"9":{"start":{"line":104,"column":8},"end":{"line":104,"column":49}},"10":{"start":{"line":105,"column":8},"end":{"line":105,"column":61}},"11":{"start":{"line":106,"column":8},"end":{"line":106,"column":46}},"12":{"start":{"line":107,"column":8},"end":{"line":107,"column":3452}},"13":{"start":{"line":111,"column":8},"end":{"line":111,"column":3594}},"14":{"start":{"line":115,"column":8},"end":{"line":115,"column":3713}},"15":{"start":{"line":119,"column":8},"end":{"line":119,"column":3838}},"16":{"start":{"line":123,"column":8},"end":{"line":123,"column":64}},"17":{"start":{"line":125,"column":8},"end":{"line":125,"column":4031}},"18":{"start":{"line":130,"column":8},"end":{"line":130,"column":33}},"19":{"start":{"line":131,"column":8},"end":{"line":131,"column":29}},"20":{"start":{"line":132,"column":8},"end":{"line":132,"column":29}},"21":{"start":{"line":133,"column":8},"end":{"line":133,"column":37}},"22":{"start":{"line":134,"column":8},"end":{"line":134,"column":55}},"23":{"start":{"line":135,"column":8},"end":{"line":135,"column":44}},"24":{"start":{"line":136,"column":8},"end":{"line":136,"column":19}},"25":{"start":{"line":141,"column":8},"end":{"line":141,"column":49}},"26":{"start":{"line":142,"column":8},"end":{"line":142,"column":61}},"27":{"start":{"line":144,"column":8},"end":{"line":144,"column":4670}},"28":{"start":{"line":148,"column":8},"end":{"line":148,"column":108}},"29":{"start":{"line":149,"column":8},"end":{"line":149,"column":37}},"30":{"start":{"line":150,"column":8},"end":{"line":150,"column":29}},"31":{"start":{"line":152,"column":8},"end":{"line":152,"column":4968}},"32":{"start":{"line":155,"column":12},"end":{"line":155,"column":32}},"33":{"start":{"line":156,"column":12},"end":{"line":156,"column":70}},"34":{"start":{"line":157,"column":12},"end":{"line":157,"column":5188}},"35":{"start":{"line":158,"column":16},"end":{"line":158,"column":78}},"36":{"start":{"line":159,"column":16},"end":{"line":159,"column":49}},"37":{"start":{"line":161,"column":12},"end":{"line":161,"column":45}},"38":{"start":{"line":164,"column":8},"end":{"line":164,"column":45}},"39":{"start":{"line":165,"column":8},"end":{"line":165,"column":34}},"40":{"start":{"line":167,"column":8},"end":{"line":167,"column":23}},"41":{"start":{"line":168,"column":8},"end":{"line":168,"column":33}},"42":{"start":{"line":170,"column":8},"end":{"line":170,"column":64}},"43":{"start":{"line":171,"column":8},"end":{"line":171,"column":5643}},"44":{"start":{"line":172,"column":12},"end":{"line":172,"column":80}},"45":{"start":{"line":175,"column":8},"end":{"line":175,"column":57}},"46":{"start":{"line":176,"column":8},"end":{"line":176,"column":49}},"47":{"start":{"line":177,"column":8},"end":{"line":177,"column":19}},"48":{"start":{"line":185,"column":8},"end":{"line":185,"column":49}},"49":{"start":{"line":186,"column":8},"end":{"line":186,"column":58}},"50":{"start":{"line":187,"column":8},"end":{"line":187,"column":6202}},"51":{"start":{"line":197,"column":8},"end":{"line":197,"column":23}},"52":{"start":{"line":198,"column":8},"end":{"line":198,"column":62}},"53":{"start":{"line":200,"column":8},"end":{"line":200,"column":59}},"54":{"start":{"line":201,"column":8},"end":{"line":201,"column":79}},"55":{"start":{"line":202,"column":8},"end":{"line":202,"column":6643}},"56":{"start":{"line":203,"column":12},"end":{"line":203,"column":6683}},"57":{"start":{"line":204,"column":16},"end":{"line":204,"column":35}},"58":{"start":{"line":206,"column":16},"end":{"line":206,"column":42}},"59":{"start":{"line":209,"column":8},"end":{"line":209,"column":22}},"60":{"start":{"line":213,"column":8},"end":{"line":213,"column":49}},"61":{"start":{"line":214,"column":8},"end":{"line":214,"column":7082}},"62":{"start":{"line":220,"column":8},"end":{"line":220,"column":57}},"63":{"start":{"line":225,"column":8},"end":{"line":225,"column":36}},"64":{"start":{"line":234,"column":8},"end":{"line":234,"column":55}},"65":{"start":{"line":235,"column":8},"end":{"line":235,"column":19}},"66":{"start":{"line":242,"column":8},"end":{"line":242,"column":51}},"67":{"start":{"line":243,"column":8},"end":{"line":243,"column":19}},"68":{"start":{"line":248,"column":8},"end":{"line":248,"column":58}},"69":{"start":{"line":249,"column":8},"end":{"line":249,"column":49}},"70":{"start":{"line":251,"column":8},"end":{"line":251,"column":63}},"71":{"start":{"line":259,"column":8},"end":{"line":259,"column":49}},"72":{"start":{"line":260,"column":8},"end":{"line":260,"column":59}},"73":{"start":{"line":261,"column":8},"end":{"line":261,"column":8408}},"74":{"start":{"line":263,"column":8},"end":{"line":263,"column":25}},"75":{"start":{"line":273,"column":8},"end":{"line":273,"column":20}},"76":{"start":{"line":278,"column":8},"end":{"line":278,"column":23}}},"branchMap":{"1":{"line":62,"type":"if","locations":[{"start":{"line":62,"column":8},"end":{"line":62,"column":8}},{"start":{"line":62,"column":8},"end":{"line":62,"column":8}}]},"2":{"line":106,"type":"if","locations":[{"start":{"line":106,"column":8},"end":{"line":106,"column":8}},{"start":{"line":106,"column":8},"end":{"line":106,"column":8}}]},"3":{"line":107,"type":"if","locations":[{"start":{"line":107,"column":8},"end":{"line":107,"column":8}},{"start":{"line":107,"column":8},"end":{"line":107,"column":8}}]},"4":{"line":111,"type":"if","locations":[{"start":{"line":111,"column":8},"end":{"line":111,"column":8}},{"start":{"line":111,"column":8},"end":{"line":111,"column":8}}]},"5":{"line":115,"type":"if","locations":[{"start":{"line":115,"column":8},"end":{"line":115,"column":8}},{"start":{"line":115,"column":8},"end":{"line":115,"column":8}}]},"6":{"line":119,"type":"if","locations":[{"start":{"line":119,"column":8},"end":{"line":119,"column":8}},{"start":{"line":119,"column":8},"end":{"line":119,"column":8}}]},"7":{"line":123,"type":"if","locations":[{"start":{"line":123,"column":8},"end":{"line":123,"column":8}},{"start":{"line":123,"column":8},"end":{"line":123,"column":8}}]},"8":{"line":144,"type":"if","locations":[{"start":{"line":144,"column":8},"end":{"line":144,"column":8}},{"start":{"line":144,"column":8},"end":{"line":144,"column":8}}]},"9":{"line":152,"type":"if","locations":[{"start":{"line":152,"column":8},"end":{"line":152,"column":8}},{"start":{"line":152,"column":8},"end":{"line":152,"column":8}}]},"10":{"line":157,"type":"if","locations":[{"start":{"line":157,"column":12},"end":{"line":157,"column":12}},{"start":{"line":157,"column":12},"end":{"line":157,"column":12}}]},"11":{"line":171,"type":"if","locations":[{"start":{"line":171,"column":8},"end":{"line":171,"column":8}},{"start":{"line":171,"column":8},"end":{"line":171,"column":8}}]},"12":{"line":202,"type":"if","locations":[{"start":{"line":202,"column":8},"end":{"line":202,"column":8}},{"start":{"line":202,"column":8},"end":{"line":202,"column":8}}]},"13":{"line":203,"type":"if","locations":[{"start":{"line":203,"column":12},"end":{"line":203,"column":12}},{"start":{"line":203,"column":12},"end":{"line":203,"column":12}}]}}},"contracts\\SafeERC20.sol":{"l":{"21":4,"25":2,"40":0,"43":0,"47":0,"48":0,"52":0,"53":0,"54":0,"55":0,"56":0,"71":6,"72":6,"74":6},"path":"D:\\Dev\\Devs\\Real\\Blockchain\\EVM\\oasis2-master\\test\\contracts\\SafeERC20.sol","s":{"1":4,"2":2,"3":0,"4":0,"5":0,"6":0,"7":0,"8":0,"9":0,"10":0,"11":6,"12":6,"13":6},"b":{"1":[0,0],"2":[0,0],"3":[6,0],"4":[6,0]},"f":{"1":4,"2":2,"3":0,"4":0,"5":0,"6":6},"fnMap":{"1":{"name":"safeTransfer","line":20,"loc":{"start":{"line":20,"column":4},"end":{"line":22,"column":4}}},"2":{"name":"safeTransferFrom","line":24,"loc":{"start":{"line":24,"column":4},"end":{"line":26,"column":4}}},"3":{"name":"safeApprove","line":35,"loc":{"start":{"line":35,"column":4},"end":{"line":44,"column":4}}},"4":{"name":"safeIncreaseAllowance","line":46,"loc":{"start":{"line":46,"column":4},"end":{"line":49,"column":4}}},"5":{"name":"safeDecreaseAllowance","line":51,"loc":{"start":{"line":51,"column":4},"end":{"line":58,"column":4}}},"6":{"name":"_callOptionalReturn","line":66,"loc":{"start":{"line":66,"column":4},"end":{"line":76,"column":4}}}},"statementMap":{"1":{"start":{"line":21,"column":8},"end":{"line":21,"column":93}},"2":{"start":{"line":25,"column":8},"end":{"line":25,"column":103}},"3":{"start":{"line":40,"column":8},"end":{"line":40,"column":1658}},"4":{"start":{"line":43,"column":8},"end":{"line":43,"column":97}},"5":{"start":{"line":47,"column":8},"end":{"line":47,"column":78}},"6":{"start":{"line":48,"column":8},"end":{"line":48,"column":104}},"7":{"start":{"line":53,"column":12},"end":{"line":53,"column":74}},"8":{"start":{"line":54,"column":12},"end":{"line":54,"column":86}},"9":{"start":{"line":55,"column":12},"end":{"line":55,"column":55}},"10":{"start":{"line":56,"column":12},"end":{"line":56,"column":108}},"11":{"start":{"line":71,"column":8},"end":{"line":71,"column":103}},"12":{"start":{"line":72,"column":8},"end":{"line":72,"column":3570}},"13":{"start":{"line":74,"column":12},"end":{"line":74,"column":96}}},"branchMap":{"1":{"line":40,"type":"if","locations":[{"start":{"line":40,"column":8},"end":{"line":40,"column":8}},{"start":{"line":40,"column":8},"end":{"line":40,"column":8}}]},"2":{"line":54,"type":"if","locations":[{"start":{"line":54,"column":12},"end":{"line":54,"column":12}},{"start":{"line":54,"column":12},"end":{"line":54,"column":12}}]},"3":{"line":72,"type":"if","locations":[{"start":{"line":72,"column":8},"end":{"line":72,"column":8}},{"start":{"line":72,"column":8},"end":{"line":72,"column":8}}]},"4":{"line":74,"type":"if","locations":[{"start":{"line":74,"column":12},"end":{"line":74,"column":12}},{"start":{"line":74,"column":12},"end":{"line":74,"column":12}}]}}},"contracts\\token.sol":{"l":{"9":3},"path":"D:\\Dev\\Devs\\Real\\Blockchain\\EVM\\oasis2-master\\test\\contracts\\token.sol","s":{"1":3},"b":{},"f":{"1":3},"fnMap":{"1":{"name":"constructor","line":8,"loc":{"start":{"line":7,"column":4},"end":{"line":10,"column":8}}}},"statementMap":{"1":{"start":{"line":9,"column":12},"end":{"line":9,"column":75}}},"branchMap":{}}}