TN:
SF:D:\Dev\Devs\Real\Blockchain\EVM\oasis2-master\test\contracts\IERC20.sol
FNF:0
FNH:0
LF:0
LH:0
BRF:0
BRH:0
end_of_record
TN:
SF:D:\Dev\Devs\Real\Blockchain\EVM\oasis2-master\test\contracts\JungleRaceStake.sol
FN:52,constructor
FN:88,poolActivation
FN:93,changePoolLimit
FN:98,changeFeeWallet
FN:103,PoolStake
FN:140,claimPool
FN:180,calculateRewards
FN:192,rewardsCalculate
FN:212,maxPayoutOf
FN:219,tokenBalance
FN:224,ethBalance
FN:231,retrieveEthStuck
FN:241,retrieveERC20TokenStuck
FN:247,maturityDate
FN:254,fullMaturityReward
FN:268,isContract
FNF:16
FNH:16
FNDA:3,constructor
FNDA:2,poolActivation
FNDA:2,changePoolLimit
FNDA:1,changeFeeWallet
FNDA:8,PoolStake
FNDA:2,claimPool
FNDA:3,calculateRewards
FNDA:3,rewardsCalculate
FNDA:3,maxPayoutOf
FNDA:2,tokenBalance
FNDA:2,ethBalance
FNDA:1,retrieveEthStuck
FNDA:1,retrieveERC20TokenStuck
FNDA:1,maturityDate
FNDA:1,fullMaturityReward
FNDA:3,isContract
DA:62,3
DA:66,3
DA:82,3
DA:89,2
DA:90,2
DA:94,2
DA:95,2
DA:99,1
DA:104,8
DA:105,8
DA:106,8
DA:107,7
DA:111,6
DA:115,5
DA:119,4
DA:123,3
DA:125,2
DA:130,2
DA:131,2
DA:132,2
DA:133,2
DA:134,2
DA:135,2
DA:136,2
DA:141,2
DA:142,2
DA:144,2
DA:148,2
DA:149,2
DA:150,2
DA:152,2
DA:155,1
DA:156,1
DA:157,1
DA:158,1
DA:159,1
DA:161,1
DA:164,2
DA:165,2
DA:167,2
DA:168,2
DA:170,2
DA:171,2
DA:172,1
DA:175,2
DA:176,2
DA:177,2
DA:185,3
DA:186,3
DA:187,3
DA:197,3
DA:198,3
DA:200,3
DA:201,3
DA:202,3
DA:203,2
DA:204,1
DA:206,1
DA:209,3
DA:213,3
DA:214,3
DA:220,2
DA:225,2
DA:234,1
DA:235,1
DA:242,1
DA:243,1
DA:248,1
DA:249,1
DA:251,1
DA:259,1
DA:260,1
DA:261,1
DA:263,1
DA:273,3
DA:275,3
DA:278,3
LF:77
LH:77
BRDA:62,1,0,3
BRDA:62,1,1,0
BRDA:106,2,0,7
BRDA:106,2,1,1
BRDA:107,3,0,6
BRDA:107,3,1,1
BRDA:111,4,0,5
BRDA:111,4,1,1
BRDA:115,5,0,4
BRDA:115,5,1,1
BRDA:119,6,0,3
BRDA:119,6,1,1
BRDA:123,7,0,2
BRDA:123,7,1,1
BRDA:144,8,0,2
BRDA:144,8,1,0
BRDA:152,9,0,1
BRDA:152,9,1,1
BRDA:157,10,0,1
BRDA:157,10,1,0
BRDA:171,11,0,1
BRDA:171,11,1,1
BRDA:202,12,0,2
BRDA:202,12,1,1
BRDA:203,13,0,1
BRDA:203,13,1,1
BRF:26
BRH:23
end_of_record
TN:
SF:D:\Dev\Devs\Real\Blockchain\EVM\oasis2-master\test\contracts\SafeERC20.sol
FN:20,safeTransfer
FN:24,safeTransferFrom
FN:35,safeApprove
FN:46,safeIncreaseAllowance
FN:51,safeDecreaseAllowance
FN:66,_callOptionalReturn
FNF:6
FNH:3
FNDA:4,safeTransfer
FNDA:2,safeTransferFrom
FNDA:0,safeApprove
FNDA:0,safeIncreaseAllowance
FNDA:0,safeDecreaseAllowance
FNDA:6,_callOptionalReturn
DA:21,4
DA:25,2
DA:40,0
DA:43,0
DA:47,0
DA:48,0
DA:52,0
DA:53,0
DA:54,0
DA:55,0
DA:56,0
DA:71,6
DA:72,6
DA:74,6
LF:14
LH:5
BRDA:40,1,0,0
BRDA:40,1,1,0
BRDA:54,2,0,0
BRDA:54,2,1,0
BRDA:72,3,0,6
BRDA:72,3,1,0
BRDA:74,4,0,6
BRDA:74,4,1,0
BRF:8
BRH:2
end_of_record
TN:
SF:D:\Dev\Devs\Real\Blockchain\EVM\oasis2-master\test\contracts\token.sol
FN:8,constructor
FNF:1
FNH:1
FNDA:3,constructor
DA:9,3
LF:1
LH:1
BRF:0
BRH:0
end_of_record
